<?xml version="1.0" encoding="UTF-8"?>
<coverage generated="1694879021647" clover="3.2.0">
  <project timestamp="1694879021647" name="All files">
    <metrics statements="27" coveredstatements="26" conditionals="17" coveredconditionals="16" methods="5" coveredmethods="5" elements="49" coveredelements="47" complexity="0" loc="27" ncloc="27" packages="1" files="3" classes="3"/>
    <file name="genDiff.js" path="/home/vadim/frontend-project-46/src/genDiff.js">
      <metrics statements="16" coveredstatements="16" conditionals="13" coveredconditionals="13" methods="2" coveredmethods="2"/>
      <line num="3" count="1" type="stmt"/>
      <line num="4" count="2" type="stmt"/>
      <line num="5" count="2" type="stmt"/>
      <line num="6" count="2" type="stmt"/>
      <line num="7" count="2" type="stmt"/>
      <line num="8" count="2" type="stmt"/>
      <line num="9" count="2" type="stmt"/>
      <line num="10" count="10" type="cond" truecount="4" falsecount="0"/>
      <line num="11" count="2" type="stmt"/>
      <line num="12" count="8" type="cond" truecount="4" falsecount="0"/>
      <line num="13" count="4" type="stmt"/>
      <line num="14" count="4" type="cond" truecount="5" falsecount="0"/>
      <line num="15" count="2" type="stmt"/>
      <line num="17" count="2" type="stmt"/>
      <line num="19" count="10" type="stmt"/>
      <line num="21" count="2" type="stmt"/>
    </file>
    <file name="index.js" path="/home/vadim/frontend-project-46/src/index.js">
      <metrics statements="4" coveredstatements="4" conditionals="0" coveredconditionals="0" methods="1" coveredmethods="1"/>
      <line num="4" count="1" type="stmt"/>
      <line num="5" count="2" type="stmt"/>
      <line num="6" count="2" type="stmt"/>
      <line num="7" count="2" type="stmt"/>
    </file>
    <file name="parsers.js" path="/home/vadim/frontend-project-46/src/parsers.js">
      <metrics statements="7" coveredstatements="6" conditionals="4" coveredconditionals="3" methods="2" coveredmethods="2"/>
      <line num="6" count="4" type="cond" truecount="1" falsecount="1"/>
      <line num="7" count="4" type="stmt"/>
      <line num="8" count="0" type="stmt"/>
      <line num="12" count="4" type="stmt"/>
      <line num="13" count="4" type="cond" truecount="2" falsecount="0"/>
      <line num="14" count="2" type="stmt"/>
      <line num="15" count="2" type="stmt"/>
    </file>
  </project>
</coverage>
