{"/home/vadim/frontend-project-46/src/genDiff.js": {"path":"/home/vadim/frontend-project-46/src/genDiff.js","statementMap":{"0":{"start":{"line":3,"column":16},"end":{"line":22,"column":1}},"1":{"start":{"line":4,"column":20},"end":{"line":4,"column":42}},"2":{"start":{"line":5,"column":20},"end":{"line":5,"column":42}},"3":{"start":{"line":6,"column":18},"end":{"line":6,"column":54}},"4":{"start":{"line":7,"column":21},"end":{"line":7,"column":38}},"5":{"start":{"line":8,"column":18},"end":{"line":8,"column":20}},"6":{"start":{"line":9,"column":2},"end":{"line":20,"column":5}},"7":{"start":{"line":10,"column":4},"end":{"line":18,"column":5}},"8":{"start":{"line":11,"column":6},"end":{"line":11,"column":64}},"9":{"start":{"line":12,"column":11},"end":{"line":18,"column":5}},"10":{"start":{"line":13,"column":6},"end":{"line":13,"column":64}},"11":{"start":{"line":14,"column":11},"end":{"line":18,"column":5}},"12":{"start":{"line":15,"column":6},"end":{"line":15,"column":95}},"13":{"start":{"line":17,"column":6},"end":{"line":17,"column":64}},"14":{"start":{"line":19,"column":4},"end":{"line":19,"column":21}},"15":{"start":{"line":21,"column":2},"end":{"line":21,"column":28}}},"fnMap":{"0":{"name":"(anonymous_0)","decl":{"start":{"line":3,"column":16},"end":{"line":3,"column":17}},"loc":{"start":{"line":3,"column":42},"end":{"line":22,"column":1}},"line":3},"1":{"name":"(anonymous_1)","decl":{"start":{"line":9,"column":17},"end":{"line":9,"column":18}},"loc":{"start":{"line":9,"column":26},"end":{"line":20,"column":3}},"line":9}},"branchMap":{"0":{"loc":{"start":{"line":10,"column":4},"end":{"line":18,"column":5}},"type":"if","locations":[{"start":{"line":10,"column":4},"end":{"line":18,"column":5}},{"start":{"line":12,"column":11},"end":{"line":18,"column":5}}],"line":10},"1":{"loc":{"start":{"line":10,"column":8},"end":{"line":10,"column":71}},"type":"binary-expr","locations":[{"start":{"line":10,"column":8},"end":{"line":10,"column":37}},{"start":{"line":10,"column":41},"end":{"line":10,"column":71}}],"line":10},"2":{"loc":{"start":{"line":12,"column":11},"end":{"line":18,"column":5}},"type":"if","locations":[{"start":{"line":12,"column":11},"end":{"line":18,"column":5}},{"start":{"line":14,"column":11},"end":{"line":18,"column":5}}],"line":12},"3":{"loc":{"start":{"line":12,"column":15},"end":{"line":12,"column":78}},"type":"binary-expr","locations":[{"start":{"line":12,"column":15},"end":{"line":12,"column":44}},{"start":{"line":12,"column":48},"end":{"line":12,"column":78}}],"line":12},"4":{"loc":{"start":{"line":14,"column":11},"end":{"line":18,"column":5}},"type":"if","locations":[{"start":{"line":14,"column":11},"end":{"line":18,"column":5}},{"start":{"line":16,"column":11},"end":{"line":18,"column":5}}],"line":14},"5":{"loc":{"start":{"line":14,"column":15},"end":{"line":14,"column":114}},"type":"binary-expr","locations":[{"start":{"line":14,"column":15},"end":{"line":14,"column":44}},{"start":{"line":14,"column":48},"end":{"line":14,"column":77}},{"start":{"line":14,"column":81},"end":{"line":14,"column":114}}],"line":14}},"s":{"0":1,"1":2,"2":2,"3":2,"4":2,"5":2,"6":2,"7":10,"8":2,"9":8,"10":4,"11":4,"12":2,"13":2,"14":10,"15":2},"f":{"0":2,"1":10},"b":{"0":[2,8],"1":[10,6],"2":[4,4],"3":[8,8],"4":[2,2],"5":[4,4,4]},"_coverageSchema":"1a1c01bbd47fc00a2c39e90264f33305004495a9","hash":"14af8cddf4c11357ef61b94b7228995386dd2f76"}
,"/home/vadim/frontend-project-46/src/index.js": {"path":"/home/vadim/frontend-project-46/src/index.js","statementMap":{"0":{"start":{"line":4,"column":21},"end":{"line":8,"column":1}},"1":{"start":{"line":5,"column":18},"end":{"line":5,"column":38}},"2":{"start":{"line":6,"column":18},"end":{"line":6,"column":38}},"3":{"start":{"line":7,"column":2},"end":{"line":7,"column":35}}},"fnMap":{"0":{"name":"(anonymous_0)","decl":{"start":{"line":4,"column":21},"end":{"line":4,"column":22}},"loc":{"start":{"line":4,"column":47},"end":{"line":8,"column":1}},"line":4}},"branchMap":{},"s":{"0":1,"1":2,"2":2,"3":2},"f":{"0":2},"b":{},"_coverageSchema":"1a1c01bbd47fc00a2c39e90264f33305004495a9","hash":"36021db36ebc45954dc94d69c873be0d49763930"}
,"/home/vadim/frontend-project-46/src/parsers.js": {"path":"/home/vadim/frontend-project-46/src/parsers.js","statementMap":{"0":{"start":{"line":6,"column":2},"end":{"line":8,"column":3}},"1":{"start":{"line":7,"column":4},"end":{"line":7,"column":34}},"2":{"start":{"line":8,"column":4},"end":{"line":8,"column":55}},"3":{"start":{"line":12,"column":19},"end":{"line":12,"column":60}},"4":{"start":{"line":13,"column":2},"end":{"line":15,"column":3}},"5":{"start":{"line":14,"column":4},"end":{"line":14,"column":32}},"6":{"start":{"line":15,"column":4},"end":{"line":15,"column":31}}},"fnMap":{"0":{"name":"getWay","decl":{"start":{"line":5,"column":9},"end":{"line":5,"column":15}},"loc":{"start":{"line":5,"column":26},"end":{"line":9,"column":1}},"line":5},"1":{"name":"parseFile","decl":{"start":{"line":11,"column":9},"end":{"line":11,"column":18}},"loc":{"start":{"line":11,"column":29},"end":{"line":16,"column":1}},"line":11}},"branchMap":{"0":{"loc":{"start":{"line":6,"column":2},"end":{"line":8,"column":3}},"type":"if","locations":[{"start":{"line":6,"column":2},"end":{"line":8,"column":3}},{"start":{},"end":{}}],"line":6},"1":{"loc":{"start":{"line":13,"column":2},"end":{"line":15,"column":3}},"type":"if","locations":[{"start":{"line":13,"column":2},"end":{"line":15,"column":3}},{"start":{},"end":{}}],"line":13}},"s":{"0":4,"1":4,"2":0,"3":4,"4":4,"5":2,"6":2},"f":{"0":4,"1":4},"b":{"0":[4,0],"1":[2,2]},"_coverageSchema":"1a1c01bbd47fc00a2c39e90264f33305004495a9","hash":"57b0be93ccf8c055517611701f159eba53a04fe3"}
}
