TN:
SF:src/genDiff.js
FN:3,(anonymous_0)
FN:9,(anonymous_1)
FNF:2
FNH:2
FNDA:2,(anonymous_0)
FNDA:10,(anonymous_1)
DA:3,1
DA:4,2
DA:5,2
DA:6,2
DA:7,2
DA:8,2
DA:9,2
DA:10,10
DA:11,2
DA:12,8
DA:13,4
DA:14,4
DA:15,2
DA:17,2
DA:19,10
DA:21,2
LF:16
LH:16
BRDA:10,0,0,2
BRDA:10,0,1,8
BRDA:10,1,0,10
BRDA:10,1,1,6
BRDA:12,2,0,4
BRDA:12,2,1,4
BRDA:12,3,0,8
BRDA:12,3,1,8
BRDA:14,4,0,2
BRDA:14,4,1,2
BRDA:14,5,0,4
BRDA:14,5,1,4
BRDA:14,5,2,4
BRF:13
BRH:13
end_of_record
TN:
SF:src/index.js
FN:4,(anonymous_0)
FNF:1
FNH:1
FNDA:2,(anonymous_0)
DA:4,1
DA:5,2
DA:6,2
DA:7,2
LF:4
LH:4
BRF:0
BRH:0
end_of_record
TN:
SF:src/parsers.js
FN:5,getWay
FN:11,parseFile
FNF:2
FNH:2
FNDA:4,getWay
FNDA:4,parseFile
DA:6,4
DA:7,4
DA:8,0
DA:12,4
DA:13,4
DA:14,2
DA:15,2
LF:7
LH:6
BRDA:6,0,0,4
BRDA:6,0,1,0
BRDA:13,1,0,2
BRDA:13,1,1,2
BRF:4
BRH:3
end_of_record
